# JRE version: OpenJDK Runtime Environment Temurin-17.0.1+12 (17.0.1+12) (build 17.0.1+12)
# Java VM: OpenJDK 64-Bit Server VM Temurin-17.0.1+12 (17.0.1+12, mixed mode, tiered, compressed oops, compressed class ptrs, g1 gc, windows-amd64)
GC Precious Log:
 CPUs: 16 total, 16 available
 Memory: 23981M
 Large Page Support: Disabled
 NUMA Support: Disabled
 Compressed Oops: Enabled (Zero based)
 Heap Region Size: 4M
 Heap Min Capacity: 8M
 Heap Initial Capacity: 376M
 Heap Max Capacity: 5996M
 Pre-touch: Disabled
 Parallel Workers: 13
 Concurrent Workers: 3
 Concurrent Refinement Workers: 13
 Periodic GC: Disabled
Heap:
 garbage-first heap   total 630784K, used 41215K [0x0000000689400000, 0x0000000800000000)
  region size 4096K, 9 young (36864K), 1 survivors (4096K)
 Metaspace       used 23954K, committed 24192K, reserved 1073152K
  class space    used 2324K, committed 2432K, reserved 1048576K
GC Heap History (20 events):
Event: 2.478 GC heap before
{Heap before GC invocations=14 (full 0):
 garbage-first heap   total 315392K, used 195352K [0x0000000689400000, 0x0000000800000000)
  region size 4096K, 46 young (188416K), 1 survivors (4096K)
 Metaspace       used 23390K, committed 23616K, reserved 1073152K
  class space    used 2257K, committed 2368K, reserved 1048576K
}
Event: 2.479 GC heap after
{Heap after GC invocations=15 (full 0):
 garbage-first heap   total 315392K, used 11023K [0x0000000689400000, 0x0000000800000000)
  region size 4096K, 1 young (4096K), 1 survivors (4096K)
 Metaspace       used 23390K, committed 23616K, reserved 1073152K
  class space    used 2257K, committed 2368K, reserved 1048576K
}
Event: 2.507 GC heap before
{Heap before GC invocations=15 (full 0):
 garbage-first heap   total 315392K, used 195343K [0x0000000689400000, 0x0000000800000000)
  region size 4096K, 46 young (188416K), 1 survivors (4096K)
 Metaspace       used 23390K, committed 23616K, reserved 1073152K
  class space    used 2257K, committed 2368K, reserved 1048576K
}
Event: 2.509 GC heap after
{Heap after GC invocations=16 (full 0):
 garbage-first heap   total 475136K, used 11225K [0x0000000689400000, 0x0000000800000000)
  region size 4096K, 1 young (4096K), 1 survivors (4096K)
 Metaspace       used 23390K, committed 23616K, reserved 1073152K
  class space    used 2257K, committed 2368K, reserved 1048576K
}
Event: 2.561 GC heap before
{Heap before GC invocations=16 (full 0):
 garbage-first heap   total 475136K, used 289753K [0x0000000689400000, 0x0000000800000000)
  region size 4096K, 69 young (282624K), 1 survivors (4096K)
 Metaspace       used 23396K, committed 23616K, reserved 1073152K
  class space    used 2258K, committed 2368K, reserved 1048576K
}
Event: 2.563 GC heap after
{Heap after GC invocations=17 (full 0):
 garbage-first heap   total 475136K, used 10986K [0x0000000689400000, 0x0000000800000000)
  region size 4096K, 1 young (4096K), 1 survivors (4096K)
 Metaspace       used 23396K, committed 23616K, reserved 1073152K
  class space    used 2258K, committed 2368K, reserved 1048576K
}
Event: 2.607 GC heap before
{Heap before GC invocations=17 (full 0):
 garbage-first heap   total 475136K, used 289514K [0x0000000689400000, 0x0000000800000000)
  region size 4096K, 69 young (282624K), 1 survivors (4096K)
 Metaspace       used 23396K, committed 23616K, reserved 1073152K
  class space    used 2258K, committed 2368K, reserved 1048576K
}
Event: 2.608 GC heap after
{Heap after GC invocations=18 (full 0):
 garbage-first heap   total 475136K, used 10952K [0x0000000689400000, 0x0000000800000000)
  region size 4096K, 1 young (4096K), 1 survivors (4096K)
 Metaspace       used 23396K, committed 23616K, reserved 1073152K
  class space    used 2258K, committed 2368K, reserved 1048576K
}
Event: 2.787 GC heap before
{Heap before GC invocations=18 (full 0):
 garbage-first heap   total 475136K, used 289480K [0x0000000689400000, 0x0000000800000000)
  region size 4096K, 69 young (282624K), 1 survivors (4096K)
 Metaspace       used 23849K, committed 24064K, reserved 1073152K
  class space    used 2313K, committed 2432K, reserved 1048576K
}
Event: 2.789 GC heap after
{Heap after GC invocations=19 (full 0):
 garbage-first heap   total 475136K, used 12233K [0x0000000689400000, 0x0000000800000000)
  region size 4096K, 2 young (8192K), 2 survivors (8192K)
 Metaspace       used 23849K, committed 24064K, reserved 1073152K
  class space    used 2313K, committed 2432K, reserved 1048576K
}
Event: 2.843 GC heap before
{Heap before GC invocations=19 (full 0):
 garbage-first heap   total 475136K, used 286665K [0x0000000689400000, 0x0000000800000000)
  region size 4096K, 69 young (282624K), 2 survivors (8192K)
 Metaspace       used 23851K, committed 24064K, reserved 1073152K
  class space    used 2313K, committed 2432K, reserved 1048576K
}
Event: 2.845 GC heap after
{Heap after GC invocations=20 (full 0):
 garbage-first heap   total 475136K, used 12376K [0x0000000689400000, 0x0000000800000000)
  region size 4096K, 2 young (8192K), 2 survivors (8192K)
 Metaspace       used 23851K, committed 24064K, reserved 1073152K
  class space    used 2313K, committed 2432K, reserved 1048576K
}
Event: 2.895 GC heap before
{Heap before GC invocations=20 (full 0):
 garbage-first heap   total 475136K, used 286808K [0x0000000689400000, 0x0000000800000000)
  region size 4096K, 69 young (282624K), 2 survivors (8192K)
 Metaspace       used 23851K, committed 24064K, reserved 1073152K
  class space    used 2313K, committed 2432K, reserved 1048576K
}
Event: 2.898 GC heap after
{Heap after GC invocations=21 (full 0):
 garbage-first heap   total 630784K, used 12129K [0x0000000689400000, 0x0000000800000000)
  region size 4096K, 2 young (8192K), 2 survivors (8192K)
 Metaspace       used 23851K, committed 24064K, reserved 1073152K
  class space    used 2313K, committed 2432K, reserved 1048576K
}
Event: 2.968 GC heap before
{Heap before GC invocations=21 (full 0):
 garbage-first heap   total 630784K, used 380769K [0x0000000689400000, 0x0000000800000000)
  region size 4096K, 92 young (376832K), 2 survivors (8192K)
 Metaspace       used 23851K, committed 24064K, reserved 1073152K
  class space    used 2313K, committed 2432K, reserved 1048576K
}
Event: 2.970 GC heap after
{Heap after GC invocations=22 (full 0):
 garbage-first heap   total 630784K, used 12289K [0x0000000689400000, 0x0000000800000000)
  region size 4096K, 1 young (4096K), 1 survivors (4096K)
 Metaspace       used 23851K, committed 24064K, reserved 1073152K
  class space    used 2313K, committed 2432K, reserved 1048576K
}
Event: 3.036 GC heap before
{Heap before GC invocations=22 (full 0):
 garbage-first heap   total 630784K, used 385025K [0x0000000689400000, 0x0000000800000000)
  region size 4096K, 92 young (376832K), 1 survivors (4096K)
 Metaspace       used 23851K, committed 24064K, reserved 1073152K
  class space    used 2313K, committed 2432K, reserved 1048576K
}
Event: 3.037 GC heap after
{Heap after GC invocations=23 (full 0):
 garbage-first heap   total 630784K, used 12410K [0x0000000689400000, 0x0000000800000000)
  region size 4096K, 1 young (4096K), 1 survivors (4096K)
 Metaspace       used 23851K, committed 24064K, reserved 1073152K
  class space    used 2313K, committed 2432K, reserved 1048576K
}
Event: 3.137 GC heap before
{Heap before GC invocations=23 (full 0):
 garbage-first heap   total 630784K, used 385146K [0x0000000689400000, 0x0000000800000000)
  region size 4096K, 92 young (376832K), 1 survivors (4096K)
 Metaspace       used 23906K, committed 24128K, reserved 1073152K
  class space    used 2320K, committed 2432K, reserved 1048576K
}
Event: 3.138 GC heap after
{Heap after GC invocations=24 (full 0):
 garbage-first heap   total 630784K, used 12543K [0x0000000689400000, 0x0000000800000000)
  region size 4096K, 1 young (4096K), 1 survivors (4096K)
 Metaspace       used 23906K, committed 24128K, reserved 1073152K
  class space    used 2320K, committed 2432K, reserved 1048576K
}

