# JRE version: OpenJDK Runtime Environment Temurin-17.0.1+12 (17.0.1+12) (build 17.0.1+12)
# Java VM: OpenJDK 64-Bit Server VM Temurin-17.0.1+12 (17.0.1+12, mixed mode, tiered, compressed oops, compressed class ptrs, g1 gc, windows-amd64)
GC Precious Log:
 CPUs: 16 total, 16 available
 Memory: 23981M
 Large Page Support: Disabled
 NUMA Support: Disabled
 Compressed Oops: Enabled (Zero based)
 Heap Region Size: 4M
 Heap Min Capacity: 8M
 Heap Initial Capacity: 376M
 Heap Max Capacity: 5996M
 Pre-touch: Disabled
 Parallel Workers: 13
 Concurrent Workers: 3
 Concurrent Refinement Workers: 13
 Periodic GC: Disabled
Heap:
 garbage-first heap   total 221184K, used 27125K [0x0000000689400000, 0x0000000800000000)
  region size 4096K, 5 young (20480K), 1 survivors (4096K)
 Metaspace       used 28662K, committed 28928K, reserved 1081344K
  class space    used 2753K, committed 2880K, reserved 1048576K
GC Heap History (20 events):
Event: 1.031 GC heap before
{Heap before GC invocations=2 (full 0):
 garbage-first heap   total 385024K, used 20769K [0x0000000689400000, 0x0000000800000000)
  region size 4096K, 5 young (20480K), 1 survivors (4096K)
 Metaspace       used 21305K, committed 21504K, reserved 1073152K
  class space    used 2071K, committed 2176K, reserved 1048576K
}
Event: 1.033 GC heap after
{Heap after GC invocations=3 (full 0):
 garbage-first heap   total 385024K, used 8622K [0x0000000689400000, 0x0000000800000000)
  region size 4096K, 1 young (4096K), 1 survivors (4096K)
 Metaspace       used 21305K, committed 21504K, reserved 1073152K
  class space    used 2071K, committed 2176K, reserved 1048576K
}
Event: 1.375 GC heap before
{Heap before GC invocations=4 (full 0):
 garbage-first heap   total 57344K, used 33198K [0x0000000689400000, 0x0000000800000000)
  region size 4096K, 8 young (32768K), 1 survivors (4096K)
 Metaspace       used 22356K, committed 22528K, reserved 1073152K
  class space    used 2134K, committed 2240K, reserved 1048576K
}
Event: 1.377 GC heap after
{Heap after GC invocations=5 (full 0):
 garbage-first heap   total 57344K, used 9006K [0x0000000689400000, 0x0000000800000000)
  region size 4096K, 1 young (4096K), 1 survivors (4096K)
 Metaspace       used 22356K, committed 22528K, reserved 1073152K
  class space    used 2134K, committed 2240K, reserved 1048576K
}
Event: 1.417 GC heap before
{Heap before GC invocations=5 (full 0):
 garbage-first heap   total 57344K, used 13102K [0x0000000689400000, 0x0000000800000000)
  region size 4096K, 2 young (8192K), 1 survivors (4096K)
 Metaspace       used 22357K, committed 22528K, reserved 1073152K
  class space    used 2134K, committed 2240K, reserved 1048576K
}
Event: 1.420 GC heap after
{Heap after GC invocations=6 (full 0):
 garbage-first heap   total 57344K, used 8784K [0x0000000689400000, 0x0000000800000000)
  region size 4096K, 1 young (4096K), 1 survivors (4096K)
 Metaspace       used 22357K, committed 22528K, reserved 1073152K
  class space    used 2134K, committed 2240K, reserved 1048576K
}
Event: 1.948 GC heap before
{Heap before GC invocations=6 (full 0):
 garbage-first heap   total 57344K, used 33360K [0x0000000689400000, 0x0000000800000000)
  region size 4096K, 7 young (28672K), 1 survivors (4096K)
 Metaspace       used 23631K, committed 23808K, reserved 1073152K
  class space    used 2274K, committed 2368K, reserved 1048576K
}
Event: 1.950 GC heap after
{Heap after GC invocations=7 (full 0):
 garbage-first heap   total 57344K, used 9242K [0x0000000689400000, 0x0000000800000000)
  region size 4096K, 1 young (4096K), 1 survivors (4096K)
 Metaspace       used 23631K, committed 23808K, reserved 1073152K
  class space    used 2274K, committed 2368K, reserved 1048576K
}
Event: 2.276 GC heap before
{Heap before GC invocations=7 (full 0):
 garbage-first heap   total 57344K, used 33818K [0x0000000689400000, 0x0000000800000000)
  region size 4096K, 7 young (28672K), 1 survivors (4096K)
 Metaspace       used 24388K, committed 24640K, reserved 1073152K
  class space    used 2332K, committed 2432K, reserved 1048576K
}
Event: 2.280 GC heap after
{Heap after GC invocations=8 (full 0):
 garbage-first heap   total 57344K, used 9256K [0x0000000689400000, 0x0000000800000000)
  region size 4096K, 1 young (4096K), 1 survivors (4096K)
 Metaspace       used 24388K, committed 24640K, reserved 1073152K
  class space    used 2332K, committed 2432K, reserved 1048576K
}
Event: 2.906 GC heap before
{Heap before GC invocations=8 (full 0):
 garbage-first heap   total 57344K, used 37928K [0x0000000689400000, 0x0000000800000000)
  region size 4096K, 8 young (32768K), 1 survivors (4096K)
 Metaspace       used 24393K, committed 24640K, reserved 1073152K
  class space    used 2332K, committed 2432K, reserved 1048576K
}
Event: 2.909 GC heap after
{Heap after GC invocations=9 (full 0):
 garbage-first heap   total 57344K, used 9095K [0x0000000689400000, 0x0000000800000000)
  region size 4096K, 1 young (4096K), 1 survivors (4096K)
 Metaspace       used 24393K, committed 24640K, reserved 1073152K
  class space    used 2332K, committed 2432K, reserved 1048576K
}
Event: 7.806 GC heap before
{Heap before GC invocations=9 (full 0):
 garbage-first heap   total 57344K, used 37767K [0x0000000689400000, 0x0000000800000000)
  region size 4096K, 8 young (32768K), 1 survivors (4096K)
 Metaspace       used 28249K, committed 28480K, reserved 1081344K
  class space    used 2723K, committed 2816K, reserved 1048576K
}
Event: 7.812 GC heap after
{Heap after GC invocations=10 (full 0):
 garbage-first heap   total 57344K, used 13194K [0x0000000689400000, 0x0000000800000000)
  region size 4096K, 1 young (4096K), 1 survivors (4096K)
 Metaspace       used 28249K, committed 28480K, reserved 1081344K
  class space    used 2723K, committed 2816K, reserved 1048576K
}
Event: 8.204 GC heap before
{Heap before GC invocations=10 (full 0):
 garbage-first heap   total 57344K, used 37770K [0x0000000689400000, 0x0000000800000000)
  region size 4096K, 7 young (28672K), 1 survivors (4096K)
 Metaspace       used 28661K, committed 28928K, reserved 1081344K
  class space    used 2753K, committed 2880K, reserved 1048576K
}
Event: 8.210 GC heap after
{Heap after GC invocations=11 (full 0):
 garbage-first heap   total 57344K, used 14510K [0x0000000689400000, 0x0000000800000000)
  region size 4096K, 1 young (4096K), 1 survivors (4096K)
 Metaspace       used 28661K, committed 28928K, reserved 1081344K
  class space    used 2753K, committed 2880K, reserved 1048576K
}
Event: 8.547 GC heap before
{Heap before GC invocations=11 (full 0):
 garbage-first heap   total 57344K, used 34990K [0x0000000689400000, 0x0000000800000000)
  region size 4096K, 6 young (24576K), 1 survivors (4096K)
 Metaspace       used 28662K, committed 28928K, reserved 1081344K
  class space    used 2753K, committed 2880K, reserved 1048576K
}
Event: 8.551 GC heap after
{Heap after GC invocations=12 (full 0):
 garbage-first heap   total 57344K, used 14576K [0x0000000689400000, 0x0000000800000000)
  region size 4096K, 1 young (4096K), 1 survivors (4096K)
 Metaspace       used 28662K, committed 28928K, reserved 1081344K
  class space    used 2753K, committed 2880K, reserved 1048576K
}
Event: 8.865 GC heap before
{Heap before GC invocations=12 (full 0):
 garbage-first heap   total 57344K, used 35056K [0x0000000689400000, 0x0000000800000000)
  region size 4096K, 6 young (24576K), 1 survivors (4096K)
 Metaspace       used 28662K, committed 28928K, reserved 1081344K
  class space    used 2753K, committed 2880K, reserved 1048576K
}
Event: 8.869 GC heap after
{Heap after GC invocations=13 (full 0):
 garbage-first heap   total 221184K, used 14837K [0x0000000689400000, 0x0000000800000000)
  region size 4096K, 1 young (4096K), 1 survivors (4096K)
 Metaspace       used 28662K, committed 28928K, reserved 1081344K
  class space    used 2753K, committed 2880K, reserved 1048576K
}

