# JRE version: OpenJDK Runtime Environment Temurin-17.0.1+12 (17.0.1+12) (build 17.0.1+12)
# Java VM: OpenJDK 64-Bit Server VM Temurin-17.0.1+12 (17.0.1+12, mixed mode, tiered, compressed oops, compressed class ptrs, g1 gc, windows-amd64)
GC Precious Log:
 CPUs: 16 total, 16 available
 Memory: 23981M
 Large Page Support: Disabled
 NUMA Support: Disabled
 Compressed Oops: Enabled (Zero based)
 Heap Region Size: 4M
 Heap Min Capacity: 8M
 Heap Initial Capacity: 376M
 Heap Max Capacity: 5996M
 Pre-touch: Disabled
 Parallel Workers: 13
 Concurrent Workers: 3
 Concurrent Refinement Workers: 13
 Periodic GC: Disabled
Heap:
 garbage-first heap   total 1163264K, used 274305K [0x0000000689400000, 0x0000000800000000)
  region size 4096K, 56 young (229376K), 1 survivors (4096K)
 Metaspace       used 24408K, committed 24576K, reserved 1073152K
  class space    used 2374K, committed 2432K, reserved 1048576K
GC Heap History (20 events):
Event: 100.906 GC heap before
{Heap before GC invocations=285 (full 0):
 garbage-first heap   total 1163264K, used 744830K [0x0000000689400000, 0x0000000800000000)
  region size 4096K, 170 young (696320K), 1 survivors (4096K)
 Metaspace       used 24300K, committed 24512K, reserved 1073152K
  class space    used 2361K, committed 2432K, reserved 1048576K
}
Event: 100.907 GC heap after
{Heap after GC invocations=286 (full 0):
 garbage-first heap   total 1163264K, used 52726K [0x0000000689400000, 0x0000000800000000)
  region size 4096K, 1 young (4096K), 1 survivors (4096K)
 Metaspace       used 24300K, committed 24512K, reserved 1073152K
  class space    used 2361K, committed 2432K, reserved 1048576K
}
Event: 101.011 GC heap before
{Heap before GC invocations=286 (full 0):
 garbage-first heap   total 1163264K, used 744950K [0x0000000689400000, 0x0000000800000000)
  region size 4096K, 170 young (696320K), 1 survivors (4096K)
 Metaspace       used 24300K, committed 24512K, reserved 1073152K
  class space    used 2361K, committed 2432K, reserved 1048576K
}
Event: 101.012 GC heap after
{Heap after GC invocations=287 (full 0):
 garbage-first heap   total 1163264K, used 52705K [0x0000000689400000, 0x0000000800000000)
  region size 4096K, 1 young (4096K), 1 survivors (4096K)
 Metaspace       used 24300K, committed 24512K, reserved 1073152K
  class space    used 2361K, committed 2432K, reserved 1048576K
}
Event: 101.125 GC heap before
{Heap before GC invocations=287 (full 0):
 garbage-first heap   total 1163264K, used 744929K [0x0000000689400000, 0x0000000800000000)
  region size 4096K, 170 young (696320K), 1 survivors (4096K)
 Metaspace       used 24300K, committed 24512K, reserved 1073152K
  class space    used 2361K, committed 2432K, reserved 1048576K
}
Event: 101.126 GC heap after
{Heap after GC invocations=288 (full 0):
 garbage-first heap   total 1163264K, used 52746K [0x0000000689400000, 0x0000000800000000)
  region size 4096K, 1 young (4096K), 1 survivors (4096K)
 Metaspace       used 24300K, committed 24512K, reserved 1073152K
  class space    used 2361K, committed 2432K, reserved 1048576K
}
Event: 101.239 GC heap before
{Heap before GC invocations=288 (full 0):
 garbage-first heap   total 1163264K, used 744970K [0x0000000689400000, 0x0000000800000000)
  region size 4096K, 170 young (696320K), 1 survivors (4096K)
 Metaspace       used 24300K, committed 24512K, reserved 1073152K
  class space    used 2361K, committed 2432K, reserved 1048576K
}
Event: 101.240 GC heap after
{Heap after GC invocations=289 (full 0):
 garbage-first heap   total 1163264K, used 52799K [0x0000000689400000, 0x0000000800000000)
  region size 4096K, 1 young (4096K), 1 survivors (4096K)
 Metaspace       used 24300K, committed 24512K, reserved 1073152K
  class space    used 2361K, committed 2432K, reserved 1048576K
}
Event: 101.358 GC heap before
{Heap before GC invocations=289 (full 0):
 garbage-first heap   total 1163264K, used 745023K [0x0000000689400000, 0x0000000800000000)
  region size 4096K, 170 young (696320K), 1 survivors (4096K)
 Metaspace       used 24300K, committed 24512K, reserved 1073152K
  class space    used 2361K, committed 2432K, reserved 1048576K
}
Event: 101.359 GC heap after
{Heap after GC invocations=290 (full 0):
 garbage-first heap   total 1163264K, used 52835K [0x0000000689400000, 0x0000000800000000)
  region size 4096K, 1 young (4096K), 1 survivors (4096K)
 Metaspace       used 24300K, committed 24512K, reserved 1073152K
  class space    used 2361K, committed 2432K, reserved 1048576K
}
Event: 101.480 GC heap before
{Heap before GC invocations=290 (full 0):
 garbage-first heap   total 1163264K, used 745059K [0x0000000689400000, 0x0000000800000000)
  region size 4096K, 170 young (696320K), 1 survivors (4096K)
 Metaspace       used 24300K, committed 24512K, reserved 1073152K
  class space    used 2361K, committed 2432K, reserved 1048576K
}
Event: 101.481 GC heap after
{Heap after GC invocations=291 (full 0):
 garbage-first heap   total 1163264K, used 52876K [0x0000000689400000, 0x0000000800000000)
  region size 4096K, 1 young (4096K), 1 survivors (4096K)
 Metaspace       used 24300K, committed 24512K, reserved 1073152K
  class space    used 2361K, committed 2432K, reserved 1048576K
}
Event: 101.616 GC heap before
{Heap before GC invocations=291 (full 0):
 garbage-first heap   total 1163264K, used 745100K [0x0000000689400000, 0x0000000800000000)
  region size 4096K, 170 young (696320K), 1 survivors (4096K)
 Metaspace       used 24300K, committed 24512K, reserved 1073152K
  class space    used 2361K, committed 2432K, reserved 1048576K
}
Event: 101.617 GC heap after
{Heap after GC invocations=292 (full 0):
 garbage-first heap   total 1163264K, used 52913K [0x0000000689400000, 0x0000000800000000)
  region size 4096K, 1 young (4096K), 1 survivors (4096K)
 Metaspace       used 24300K, committed 24512K, reserved 1073152K
  class space    used 2361K, committed 2432K, reserved 1048576K
}
Event: 101.843 GC heap before
{Heap before GC invocations=292 (full 0):
 garbage-first heap   total 1163264K, used 745137K [0x0000000689400000, 0x0000000800000000)
  region size 4096K, 170 young (696320K), 1 survivors (4096K)
 Metaspace       used 24300K, committed 24512K, reserved 1073152K
  class space    used 2361K, committed 2432K, reserved 1048576K
}
Event: 101.844 GC heap after
{Heap after GC invocations=293 (full 0):
 garbage-first heap   total 1163264K, used 52960K [0x0000000689400000, 0x0000000800000000)
  region size 4096K, 1 young (4096K), 1 survivors (4096K)
 Metaspace       used 24300K, committed 24512K, reserved 1073152K
  class space    used 2361K, committed 2432K, reserved 1048576K
}
Event: 102.109 GC heap before
{Heap before GC invocations=293 (full 0):
 garbage-first heap   total 1163264K, used 745184K [0x0000000689400000, 0x0000000800000000)
  region size 4096K, 170 young (696320K), 1 survivors (4096K)
 Metaspace       used 24349K, committed 24576K, reserved 1073152K
  class space    used 2368K, committed 2432K, reserved 1048576K
}
Event: 102.110 GC heap after
{Heap after GC invocations=294 (full 0):
 garbage-first heap   total 1163264K, used 53102K [0x0000000689400000, 0x0000000800000000)
  region size 4096K, 1 young (4096K), 1 survivors (4096K)
 Metaspace       used 24349K, committed 24576K, reserved 1073152K
  class space    used 2368K, committed 2432K, reserved 1048576K
}
Event: 102.215 GC heap before
{Heap before GC invocations=294 (full 0):
 garbage-first heap   total 1163264K, used 745326K [0x0000000689400000, 0x0000000800000000)
  region size 4096K, 170 young (696320K), 1 survivors (4096K)
 Metaspace       used 24350K, committed 24576K, reserved 1073152K
  class space    used 2368K, committed 2432K, reserved 1048576K
}
Event: 102.216 GC heap after
{Heap after GC invocations=295 (full 0):
 garbage-first heap   total 1163264K, used 53121K [0x0000000689400000, 0x0000000800000000)
  region size 4096K, 1 young (4096K), 1 survivors (4096K)
 Metaspace       used 24350K, committed 24576K, reserved 1073152K
  class space    used 2368K, committed 2432K, reserved 1048576K
}

