# JRE version: OpenJDK Runtime Environment Temurin-17.0.1+12 (17.0.1+12) (build 17.0.1+12)
# Java VM: OpenJDK 64-Bit Server VM Temurin-17.0.1+12 (17.0.1+12, mixed mode, tiered, compressed oops, compressed class ptrs, g1 gc, windows-amd64)
GC Precious Log:
 CPUs: 16 total, 16 available
 Memory: 23981M
 Large Page Support: Disabled
 NUMA Support: Disabled
 Compressed Oops: Enabled (Zero based)
 Heap Region Size: 4M
 Heap Min Capacity: 8M
 Heap Initial Capacity: 376M
 Heap Max Capacity: 5996M
 Pre-touch: Disabled
 Parallel Workers: 13
 Concurrent Workers: 3
 Concurrent Refinement Workers: 13
 Periodic GC: Disabled
Heap:
 garbage-first heap   total 770048K, used 414955K [0x0000000689400000, 0x0000000800000000)
  region size 4096K, 89 young (364544K), 10 survivors (40960K)
 Metaspace       used 12959K, committed 13120K, reserved 1064960K
  class space    used 1135K, committed 1216K, reserved 1048576K
GC Heap History (18 events):
Event: 0.512 GC heap before
{Heap before GC invocations=0 (full 0):
 garbage-first heap   total 385024K, used 20480K [0x0000000689400000, 0x0000000800000000)
  region size 4096K, 5 young (20480K), 0 survivors (0K)
 Metaspace       used 10720K, committed 10816K, reserved 1064960K
  class space    used 938K, committed 960K, reserved 1048576K
}
Event: 0.516 GC heap after
{Heap after GC invocations=1 (full 0):
 garbage-first heap   total 385024K, used 10280K [0x0000000689400000, 0x0000000800000000)
  region size 4096K, 1 young (4096K), 1 survivors (4096K)
 Metaspace       used 10720K, committed 10816K, reserved 1064960K
  class space    used 938K, committed 960K, reserved 1048576K
}
Event: 0.536 GC heap before
{Heap before GC invocations=1 (full 0):
 garbage-first heap   total 385024K, used 22568K [0x0000000689400000, 0x0000000800000000)
  region size 4096K, 4 young (16384K), 1 survivors (4096K)
 Metaspace       used 10720K, committed 10816K, reserved 1064960K
  class space    used 938K, committed 960K, reserved 1048576K
}
Event: 0.540 GC heap after
{Heap after GC invocations=2 (full 0):
 garbage-first heap   total 385024K, used 20599K [0x0000000689400000, 0x0000000800000000)
  region size 4096K, 1 young (4096K), 1 survivors (4096K)
 Metaspace       used 10720K, committed 10816K, reserved 1064960K
  class space    used 938K, committed 960K, reserved 1048576K
}
Event: 0.566 GC heap before
{Heap before GC invocations=2 (full 0):
 garbage-first heap   total 385024K, used 41079K [0x0000000689400000, 0x0000000800000000)
  region size 4096K, 6 young (24576K), 1 survivors (4096K)
 Metaspace       used 10720K, committed 10816K, reserved 1064960K
  class space    used 938K, committed 960K, reserved 1048576K
}
Event: 0.571 GC heap after
{Heap after GC invocations=3 (full 0):
 garbage-first heap   total 385024K, used 37520K [0x0000000689400000, 0x0000000800000000)
  region size 4096K, 1 young (4096K), 1 survivors (4096K)
 Metaspace       used 10720K, committed 10816K, reserved 1064960K
  class space    used 938K, committed 960K, reserved 1048576K
}
Event: 0.625 GC heap before
{Heap before GC invocations=3 (full 0):
 garbage-first heap   total 385024K, used 66192K [0x0000000689400000, 0x0000000800000000)
  region size 4096K, 8 young (32768K), 1 survivors (4096K)
 Metaspace       used 11119K, committed 11264K, reserved 1064960K
  class space    used 957K, committed 1024K, reserved 1048576K
}
Event: 0.630 GC heap after
{Heap after GC invocations=4 (full 0):
 garbage-first heap   total 385024K, used 56990K [0x0000000689400000, 0x0000000800000000)
  region size 4096K, 1 young (4096K), 1 survivors (4096K)
 Metaspace       used 11119K, committed 11264K, reserved 1064960K
  class space    used 957K, committed 1024K, reserved 1048576K
}
Event: 0.702 GC heap before
{Heap before GC invocations=4 (full 0):
 garbage-first heap   total 385024K, used 97950K [0x0000000689400000, 0x0000000800000000)
  region size 4096K, 11 young (45056K), 1 survivors (4096K)
 Metaspace       used 11127K, committed 11264K, reserved 1064960K
  class space    used 957K, committed 1024K, reserved 1048576K
}
Event: 0.704 GC heap after
{Heap after GC invocations=5 (full 0):
 garbage-first heap   total 385024K, used 58369K [0x0000000689400000, 0x0000000800000000)
  region size 4096K, 2 young (8192K), 2 survivors (8192K)
 Metaspace       used 11127K, committed 11264K, reserved 1064960K
  class space    used 957K, committed 1024K, reserved 1048576K
}
Event: 0.911 GC heap before
{Heap before GC invocations=5 (full 0):
 garbage-first heap   total 385024K, used 275457K [0x0000000689400000, 0x0000000800000000)
  region size 4096K, 55 young (225280K), 2 survivors (8192K)
 Metaspace       used 11127K, committed 11264K, reserved 1064960K
  class space    used 957K, committed 1024K, reserved 1048576K
}
Event: 0.916 GC heap after
{Heap after GC invocations=6 (full 0):
 garbage-first heap   total 770048K, used 63109K [0x0000000689400000, 0x0000000800000000)
  region size 4096K, 3 young (12288K), 3 survivors (12288K)
 Metaspace       used 11127K, committed 11264K, reserved 1064960K
  class space    used 957K, committed 1024K, reserved 1048576K
}
Event: 1.275 GC heap before
{Heap before GC invocations=6 (full 0):
 garbage-first heap   total 770048K, used 509573K [0x0000000689400000, 0x0000000800000000)
  region size 4096K, 112 young (458752K), 3 survivors (12288K)
 Metaspace       used 11127K, committed 11264K, reserved 1064960K
  class space    used 957K, committed 1024K, reserved 1048576K
}
Event: 1.280 GC heap after
{Heap after GC invocations=7 (full 0):
 garbage-first heap   total 770048K, used 73361K [0x0000000689400000, 0x0000000800000000)
  region size 4096K, 5 young (20480K), 5 survivors (20480K)
 Metaspace       used 11127K, committed 11264K, reserved 1064960K
  class space    used 957K, committed 1024K, reserved 1048576K
}
Event: 1.542 GC heap before
{Heap before GC invocations=7 (full 0):
 garbage-first heap   total 770048K, used 511633K [0x0000000689400000, 0x0000000800000000)
  region size 4096K, 112 young (458752K), 5 survivors (20480K)
 Metaspace       used 11127K, committed 11264K, reserved 1064960K
  class space    used 957K, committed 1024K, reserved 1048576K
}
Event: 1.549 GC heap after
{Heap after GC invocations=8 (full 0):
 garbage-first heap   total 770048K, used 84131K [0x0000000689400000, 0x0000000800000000)
  region size 4096K, 8 young (32768K), 8 survivors (32768K)
 Metaspace       used 11127K, committed 11264K, reserved 1064960K
  class space    used 957K, committed 1024K, reserved 1048576K
}
Event: 1.804 GC heap before
{Heap before GC invocations=8 (full 0):
 garbage-first heap   total 770048K, used 510115K [0x0000000689400000, 0x0000000800000000)
  region size 4096K, 112 young (458752K), 8 survivors (32768K)
 Metaspace       used 11127K, committed 11264K, reserved 1064960K
  class space    used 957K, committed 1024K, reserved 1048576K
}
Event: 1.813 GC heap after
{Heap after GC invocations=9 (full 0):
 garbage-first heap   total 770048K, used 95467K [0x0000000689400000, 0x0000000800000000)
  region size 4096K, 10 young (40960K), 10 survivors (40960K)
 Metaspace       used 11127K, committed 11264K, reserved 1064960K
  class space    used 957K, committed 1024K, reserved 1048576K
}

